<?xml version="1.0" encoding="UTF-8"?>
<testsuite xmlns:xsi="http://www.w3.org/2001/XMLSchema-instance" xsi:noNamespaceSchemaLocation="https://maven.apache.org/surefire/maven-surefire-plugin/xsd/surefire-test-report.xsd" version="3.0.2" name="com.example.phong.demo.DemoApplicationTests" time="1.987" tests="1" errors="0" skipped="0" failures="0">
  <properties>
[...]
</properties>
  <testcase name="contextLoads" classname="com.example.phong.demo.DemoApplicationTests" time="0.286">
    <system-out><![CDATA[23:30:20.976 [main] INFO org.springframework.test.context.support.AnnotationConfigContextLoaderUtils -- Could not detect default configuration classes for test class [com.example.phong.demo.DemoApplicationTests]: DemoApplicationTests does not declare any static, non-private, non-final, nested classes annotated with @Configuration.
23:30:21.008 [main] INFO org.springframework.boot.test.context.SpringBootTestContextBootstrapper -- Found @SpringBootConfiguration com.example.phong.demo.DemoApplication for test class com.example.phong.demo.DemoApplicationTests

  .   ____          _            __ _ _
 /\\ / ___'_ __ _ _(_)_ __  __ _ \ \ \ \
( ( )\___ | '_ | '_| | '_ \/ _` | \ \ \ \
 \\/  ___)| |_)| | | | | || (_| |  ) ) ) )
  '  |____| .__|_| |_|_| |_\__, | / / / /
 =========|_|==============|___/=/_/_/_/

 :: Spring Boot ::                (v3.4.3)

2025-03-15T23:30:21.122+07:00  INFO 15409 --- [           main] c.e.phong.demo.DemoApplicationTests      : Starting DemoApplicationTests using Java 17.0.14 with PID 15409 (started by quang in /Users/quang/develop/spring-boot-demo/spring_boot_base)
2025-03-15T23:30:21.122+07:00  INFO 15409 --- [           main] c.e.phong.demo.DemoApplicationTests      : No active profile set, falling back to 1 default profile: "default"
2025-03-15T23:30:21.375+07:00  INFO 15409 --- [           main] .s.d.r.c.RepositoryConfigurationDelegate : Bootstrapping Spring Data JPA repositories in DEFAULT mode.
2025-03-15T23:30:21.382+07:00  INFO 15409 --- [           main] .s.d.r.c.RepositoryConfigurationDelegate : Finished Spring Data repository scanning in 3 ms. Found 0 JPA repository interfaces.
2025-03-15T23:30:21.560+07:00  INFO 15409 --- [           main] com.zaxxer.hikari.HikariDataSource       : HikariPool-1 - Starting...
2025-03-15T23:30:21.681+07:00  INFO 15409 --- [           main] com.zaxxer.hikari.pool.HikariPool        : HikariPool-1 - Added connection com.mysql.cj.jdbc.ConnectionImpl@7cc1f72c
2025-03-15T23:30:21.682+07:00  INFO 15409 --- [           main] com.zaxxer.hikari.HikariDataSource       : HikariPool-1 - Start completed.
2025-03-15T23:30:21.698+07:00  INFO 15409 --- [           main] o.hibernate.jpa.internal.util.LogHelper  : HHH000204: Processing PersistenceUnitInfo [name: default]
2025-03-15T23:30:21.710+07:00  INFO 15409 --- [           main] org.hibernate.Version                    : HHH000412: Hibernate ORM core version 6.6.8.Final
2025-03-15T23:30:21.718+07:00  INFO 15409 --- [           main] o.h.c.internal.RegionFactoryInitiator    : HHH000026: Second-level cache disabled
2025-03-15T23:30:21.795+07:00  INFO 15409 --- [           main] o.s.o.j.p.SpringPersistenceUnitInfo      : No LoadTimeWeaver setup: ignoring JPA class transformer
2025-03-15T23:30:21.826+07:00  INFO 15409 --- [           main] org.hibernate.orm.connections.pooling    : HHH10001005: Database info:
	Database JDBC URL [Connecting through datasource 'HikariDataSource (HikariPool-1)']
	Database driver: undefined/unknown
	Database version: 9.2
	Autocommit mode: undefined/unknown
	Isolation level: undefined/unknown
	Minimum pool size: undefined/unknown
	Maximum pool size: undefined/unknown
2025-03-15T23:30:21.924+07:00  INFO 15409 --- [           main] o.h.e.t.j.p.i.JtaPlatformInitiator       : HHH000489: No JTA platform available (set 'hibernate.transaction.jta.platform' to enable JTA platform integration)
2025-03-15T23:30:21.925+07:00  INFO 15409 --- [           main] j.LocalContainerEntityManagerFactoryBean : Initialized JPA EntityManagerFactory for persistence unit 'default'
2025-03-15T23:30:22.002+07:00  WARN 15409 --- [           main] JpaBaseConfiguration$JpaWebConfiguration : spring.jpa.open-in-view is enabled by default. Therefore, database queries may be performed during view rendering. Explicitly configure spring.jpa.open-in-view to disable this warning
2025-03-15T23:30:22.032+07:00  INFO 15409 --- [           main] o.s.v.b.OptionalValidatorFactoryBean     : Failed to set up a Bean Validation provider: jakarta.validation.NoProviderFoundException: Unable to create a Configuration, because no Jakarta Bean Validation provider could be found. Add a provider like Hibernate Validator (RI) to your classpath.
2025-03-15T23:30:22.465+07:00  WARN 15409 --- [           main] .s.s.UserDetailsServiceAutoConfiguration : 

Using generated security password: 4a67640d-15b8-4413-b082-8ce3e1156721

This generated password is for development use only. Your security configuration must be updated before running your application in production.

2025-03-15T23:30:22.469+07:00  INFO 15409 --- [           main] r$InitializeUserDetailsManagerConfigurer : Global AuthenticationManager configured with UserDetailsService bean with name inMemoryUserDetailsManager
2025-03-15T23:30:22.511+07:00  INFO 15409 --- [           main] o.s.b.a.e.web.EndpointLinksResolver      : Exposing 1 endpoint beneath base path '/actuator'
2025-03-15T23:30:22.601+07:00  INFO 15409 --- [           main] c.e.phong.demo.DemoApplicationTests      : Started DemoApplicationTests in 1.557 seconds (process running for 1.869)
]]></system-out>
  </testcase>
</testsuite>